<?xml version="1.0" encoding="UTF-8"?>
<!-- Generated by org.testng.reporters.JUnitReportReporter -->
<testsuite hostname="DESKTOP-3R73L8V" failures="0" tests="1" name="com.nopcommerce.testCases.TC_LoginTest_001" time="15.072" errors="0" timestamp="17 Dec 2018 14:36:39 GMT" skipped="0">
  <testcase classname="com.nopcommerce.testCases.TC_LoginTest_001" name="loginTest" time="15.072"/>
</testsuite> <!-- com.nopcommerce.testCases.TC_LoginTest_001 -->
